1600096945702	geckodriver	INFO	Listening on 127.0.0.1:64698
1600096954896	mozrunner::runner	INFO	Running command: "C:\\Program Files\\Mozilla Firefox\\firefox.exe" "--marionette" "-foreground" "-no-remote" "-profile" "C:\\Users\\OMAR-U~1\\AppData\\Local\\Temp\\rust_mozprofilef4SScQ"
JavaScript error: resource://gre/modules/XULStore.jsm, line 66: Error: Can't find profile directory.
console.error: SearchCache: "_readCacheFile: Error reading cache file:" (new Error("", "(unknown module)"))
1600096962401	Marionette	INFO	Listening on port 64706
1600096962791	Marionette	WARN	TLS certificate errors will be ignored for this session
1600097109271	Marionette	INFO	Stopped listening on port 64706

###!!! [Child][RunMessage] Error: Channel closing: too late to send/recv, messages will be lost


###!!! [Child][MessageChannel::SendAndWait] Error: Channel error: cannot send/recv

l\\Temp\\rust_mozprofileCgbsV6"
JavaScript error: resource://gre/modules/XULStore.jsm, line 66: Error: Can't find profile directory.
console.error: SearchCache: "_readCacheFile: Error reading cache file:" (new Error("", "(unknown module)"))
1600097070278	Marionette	INFO	Listening on port 64749
1600097070657	Marionette	WARN	TLS certificate errors will be ignored for this session
[Parent 62616, Gecko_IOThread] WARNING: file /builds/worker/checkouts/gecko/ipc/chromium/src/base/process_util_win.cc, line 166
1600097164345	Marionette	INFO	Stopped listening on port 64749

###!!! [Child][RunMessage] Error: Channel closing: too late to send/recv, messages will be lost


###!!! [Child][MessageChannel::SendAndWait] Error: Channel error: cannot send/recv

ry.
console.error: SearchCache: "_readCacheFile: Error reading cache file:" (new Error("", "(unknown module)"))
1600097142431	Marionette	INFO	Listening on port 64802
1600097142522	Marionette	WARN	TLS certificate errors will be ignored for this session
1600097696740	Marionette	INFO	Stopped listening on port 64802

###!!! [Child][RunMessage] Error: Channel closing: too late to send/recv, messages will be lost


###!!! [Child][MessageChannel::SendAndWait] Error: Channel error: cannot send/recv

l\\Temp\\rust_mozprofilesGgjQi"
JavaScript error: resource://gre/modules/XULStore.jsm, line 66: Error: Can't find profile directory.
console.error: SearchCache: "_readCacheFile: Error reading cache file:" (new Error("", "(unknown module)"))
1600097666820	Marionette	INFO	Listening on port 64934
1600097667270	Marionette	WARN	TLS certificate errors will be ignored for this session
[Parent 34952, Gecko_IOThread] WARNING: file /builds/worker/checkouts/gecko/ipc/chromium/src/base/process_util_win.cc, line 166
1600097698114	Marionette	INFO	Stopped listening on port 64934

###!!! [Child][RunMessage] Error: Channel closing: too late to send/recv, messages will be lost


###!!! [Child][MessageChannel::SendAndWait] Error: Channel error: cannot send/recv

ry.
console.error: SearchCache: "_readCacheFile: Error reading cache file:" (new Error("", "(unknown module)"))
1600097700226	Marionette	INFO	Listening on port 64985
1600097700296	Marionette	WARN	TLS certificate errors will be ignored for this session
[Parent 63304, Gecko_IOThread] WARNING: file /builds/worker/checkouts/gecko/ipc/chromium/src/base/process_util_win.cc, line 166
1600108470383	geckodriver	INFO	Listening on 127.0.0.1:51068
1600108473514	mozrunner::runner	INFO	Running command: "C:\\Program Files\\Mozilla Firefox\\firefox.exe" "--marionette" "-foreground" "-no-remote" "-profile" "C:\\Users\\OMAR-U~1\\AppData\\Local\\Temp\\rust_mozprofileXjtD0z"
JavaScript error: resource://gre/modules/XULStore.jsm, line 66: Error: Can't find profile directory.
console.error: SearchCache: "_readCacheFile: Error reading cache file:" (new Error("", "(unknown module)"))
1600108480587	Marionette	INFO	Listening on port 51076
1600108481255	Marionette	WARN	TLS certificate errors will be ignored for this session
console.error: Region.jsm: "Error fetching region" (new AbortError("The operation was aborted. ", (void 0), 689))
console.error: Region.jsm: "Failed to fetch region" (new Error("NO_RESULT", "resource://gre/modules/Region.jsm", 343))
[Parent 14756, Gecko_IOThread] WARNING: file /builds/worker/checkouts/gecko/ipc/chromium/src/base/process_util_win.cc, line 166
1600109084107	Marionette	INFO	Stopped listening on port 51076

###!!! [Child][RunMessage] Error: Channel closing: too late to send/recv, messages will be lost


###!!! [Child][MessageChannel::SendAndWait] Error: Channel error: cannot send/recv

1600111744375	geckodriver	INFO	Listening on 127.0.0.1:51670
1600111747451	mozrunner::runner	INFO	Running command: "C:\\Program Files\\Mozilla Firefox\\firefox.exe" "--marionette" "-foreground" "-no-remote" "-profile" "C:\\Users\\OMAR-U~1\\AppData\\Local\\Temp\\rust_mozprofileqLuGBH"
JavaScript error: resource://gre/modules/XULStore.jsm, line 66: Error: Can't find profile directory.
console.error: SearchCache: "_readCacheFile: Error reading cache file:" (new Error("", "(unknown module)"))
1600111753225	Marionette	INFO	Listening on port 51679
1600111753684	Marionette	WARN	TLS certificate errors will be ignored for this session
1600111822893	Marionette	INFO	Stopped listening on port 51679

###!!! [Child][MessageChannel::SendAndWait] Error: Channel error: cannot send/recv

1600111829469	geckodriver	INFO	Listening on 127.0.0.1:51728
1600111832552	mozrunner::runner	INFO	Running command: "C:\\Program Files\\Mozilla Firefox\\firefox.exe" "--marionette" "-foreground" "-no-remote" "-profile" "C:\\Users\\OMAR-U~1\\AppData\\Local\\Temp\\rust_mozprofilermiNfR"
JavaScript error: resource://gre/modules/XULStore.jsm, line 66: Error: Can't find profile directory.
console.error: SearchCache: "_readCacheFile: Error reading cache file:" (new Error("", "(unknown module)"))
1600111837864	Marionette	INFO	Listening on port 51736
1600111838282	Marionette	WARN	TLS certificate errors will be ignored for this session
1600119319774	Marionette	INFO	Stopped listening on port 51736

###!!! [Child][MessageChannel::SendAndWait] Error: Channel error: cannot send/recv

1600119402837	geckodriver	INFO	Listening on 127.0.0.1:53364
1600119405829	mozrunner::runner	INFO	Running command: "C:\\Program Files\\Mozilla Firefox\\firefox.exe" "--marionette" "-foreground" "-no-remote" "-profile" "C:\\Users\\OMAR-U~1\\AppData\\Local\\Temp\\rust_mozprofileRgYGgO"
JavaScript error: resource://gre/modules/XULStore.jsm, line 66: Error: Can't find profile directory.
console.error: SearchCache: "_readCacheFile: Error reading cache file:" (new Error("", "(unknown module)"))
1600119412834	Marionette	INFO	Listening on port 53374
1600119413226	Marionette	WARN	TLS certificate errors will be ignored for this session
1600119437569	Marionette	INFO	Stopped listening on port 53374

###!!! [Child][RunMessage] Error: Channel closing: too late to send/recv, messages will be lost


###!!! [Child][MessageChannel::SendAndWait] Error: Channel error: cannot send/recv

1600119793956	geckodriver	INFO	Listening on 127.0.0.1:53448
1600119797115	mozrunner::runner	INFO	Running command: "C:\\Program Files\\Mozilla Firefox\\firefox.exe" "--marionette" "-foreground" "-no-remote" "-profile" "C:\\Users\\OMAR-U~1\\AppData\\Local\\Temp\\rust_mozprofileswRe99"
JavaScript error: resource://gre/modules/XULStore.jsm, line 66: Error: Can't find profile directory.
console.error: SearchCache: "_readCacheFile: Error reading cache file:" (new Error("", "(unknown module)"))
1600119803935	Marionette	INFO	Listening on port 53456
1600119803969	Marionette	WARN	TLS certificate errors will be ignored for this session
1600120008837	Marionette	INFO	Stopped listening on port 53456

###!!! [Child][RunMessage] Error: Channel closing: too late to send/recv, messages will be lost


###!!! [Child][MessageChannel::SendAndWait] Error: Channel error: cannot send/recv

l\\Temp\\rust_mozprofileXus50k"
JavaScript error: resource://gre/modules/XULStore.jsm, line 66: Error: Can't find profile directory.
console.error: SearchCache: "_readCacheFile: Error reading cache file:" (new Error("", "(unknown module)"))
1600119948784	Marionette	INFO	Listening on port 53516
1600119949520	Marionette	WARN	TLS certificate errors will be ignored for this session
console.error: services.settings: 
  main/messaging-experiments Signature failed  TypeError: NetworkError when attempting to fetch resource.
console.error: services.settings: 
  main/message-groups Signature failed  TypeError: NetworkError when attempting to fetch resource.
console.error: services.settings: 
  main/fxmonitor-breaches Signature failed  TypeError: NetworkError when attempting to fetch resource.
1600120322906	Marionette	INFO	Stopped listening on port 53516

###!!! [Child][RunMessage] Error: Channel closing: too late to send/recv, messages will be lost


###!!! [Child][MessageChannel::SendAndWait] Error: C1600120323462	Marionette	INFO	Stopped listening on port 53583

###!!! [Child][RunMessage] Error: Channel closing: too late to send/recv, messages will be lost


###!!! [Child][MessageChannel::SendAndWait] Error: Channel error: cannot send/recv

l\\Temp\\rust_mozprofilewrxk3D"
JavaScript error: resource://gre/modules/XULStore.jsm, line 66: Error: Can't find profile directory.
console.error: SearchCache: "_readCacheFile: Error reading cache file:" (new Error("", "(unknown module)"))
1600120306215	Marionette	INFO	Listening on port 53682
1600120306518	Marionette	WARN	TLS certificate errors will be ignored for this session
1600120328982	Marionette	INFO	Stopped listening on port 53682

###!!! [Child][RunMessage] Error: Channel closing: too late to send/recv, messages will be lost


###!!! [Child][MessageChannel::SendAndWait] Error: Channel error: cannot send/recv

1600120381967	geckodriver	INFO	Listening on 127.0.0.1:53731
1600120385050	mozrunner::runner	INFO	Running command: "C:\\Program Files\\Mozilla Firefox\\firefox.exe" "--marionette" "-foreground" "-no-remote" "-profile" "C:\\Users\\OMAR-U~1\\AppData\\Local\\Temp\\rust_mozprofileQJr1yC"
JavaScript error: resource://gre/modules/XULStore.jsm, line 66: Error: Can't find profile directory.
console.error: SearchCache: "_readCacheFile: Error reading cache file:" (new Error("", "(unknown module)"))
1600120390931	Marionette	INFO	Listening on port 53739
1600120391377	Marionette	WARN	TLS certificate errors will be ignored for this session
1600120587144	Marionette	INFO	Stopped listening on port 53739

###!!! [Child][RunMessage] Error: Channel closing: too late to send/recv, messages will be lost


###!!! [Child][MessageChannel::SendAndWait] Error: Channel error: cannot send/recv

1600120997112	geckodriver	INFO	Listening on 127.0.0.1:53942
1600121000897	mozrunner::runner	INFO	Running command: "C:\\Program Files\\Mozilla Firefox\\firefox.exe" "--marionette" "-foreground" "-no-remote" "-profile" "C:\\Users\\OMAR-U~1\\AppData\\Local\\Temp\\rust_mozprofileR0wRMS"
JavaScript error: resource://gre/modules/XULStore.jsm, line 66: Error: Can't find profile directory.
console.error: SearchCache: "_readCacheFile: Error reading cache file:" (new Error("", "(unknown module)"))
1600121005882	Marionette	INFO	Listening on port 53950
1600121006117	Marionette	WARN	TLS certificate errors will be ignored for this session
1600121042968	Marionette	INFO	Stopped listening on port 53950

###!!! [Child][RunMessage] Error: Channel closing: too late to send/recv, messages will be lost


###!!! [Child][MessageChannel::SendAndWait] Error: Channel error: cannot send/recv

1600121046680	geckodriver	INFO	Listening on 127.0.0.1:53987
1600121049777	mozrunner::runner	INFO	Running command: "C:\\Program Files\\Mozilla Firefox\\firefox.exe" "--marionette" "-foreground" "-no-remote" "-profile" "C:\\Users\\OMAR-U~1\\AppData\\Local\\Temp\\rust_mozprofilegw6kBH"
JavaScript error: resource://gre/modules/XULStore.jsm, line 66: Error: Can't find profile directory.
console.error: SearchCache: "_readCacheFile: Error reading cache file:" (new Error("", "(unknown module)"))
1600121057071	Marionette	INFO	Listening on port 53996
1600121057114	Marionette	WARN	TLS certificate errors will be ignored for this session
1600124380192	Marionette	INFO	Stopped listening on port 53996

###!!! [Child][RunMessage] Error: Channel closing: too late to send/recv, messages will be lost


###!!! [Child][MessageChannel::SendAndWait] Error: Channel error: cannot send/recv

l\\Temp\\rust_mozprofileYx9cMh"
JavaScript error: resource://gre/modules/XULStore.jsm, line 66: Error: Can't find profile directory.
console.error: SearchCache: "_readCacheFile: Error reading cache file:" (new Error("", "(unknown module)"))
1600124365795	Marionette	INFO	Listening on port 58793
1600124366123	Marionette	WARN	TLS certificate errors will be ignored for this session
1600124383744	Marionette	INFO	Stopped listening on port 58793

###!!! [Child][RunMessage] Error: Channel closing: too late to send/recv, messages will be lost


###!!! [Child][MessageChannel::SendAndWait] Error: Channel error: cannot send/recv

1600124493569	geckodriver	INFO	Listening on 127.0.0.1:58851
1600124496586	mozrunner::runner	INFO	Running command: "C:\\Program Files\\Mozilla Firefox\\firefox.exe" "--marionette" "-foreground" "-no-remote" "-profile" "C:\\Users\\OMAR-U~1\\AppData\\Local\\Temp\\rust_mozprofiley5BGau"
JavaScript error: resource://gre/modules/XULStore.jsm, line 66: Error: Can't find profile directory.
console.error: SearchCache: "_readCacheFile: Error reading cache file:" (new Error("", "(unknown module)"))
1600124500119	Marionette	INFO	Listening on port 58859
1600124500203	Marionette	WARN	TLS certificate errors will be ignored for this session
